<?xml version="1.0" encoding="UTF-8"?>
<testsuite xmlns:xsi="http://www.w3.org/2001/XMLSchema-instance" xsi:noNamespaceSchemaLocation="https://maven.apache.org/surefire/maven-surefire-plugin/xsd/surefire-test-report-3.0.xsd" version="3.0" name="br.com.e2efood.e2efood.E2efoodApplicationTests" time="4.936" tests="1" errors="0" skipped="0" failures="0">
  <properties>
[...]
</properties>
  <testcase name="contextLoads" classname="br.com.e2efood.e2efood.E2efoodApplicationTests" time="0.42">
    <system-out><![CDATA[17:45:38.310 [main] INFO org.springframework.test.context.support.AnnotationConfigContextLoaderUtils -- Could not detect default configuration classes for test class [br.com.e2efood.e2efood.E2efoodApplicationTests]: E2efoodApplicationTests does not declare any static, non-private, non-final, nested classes annotated with @Configuration.
17:45:38.387 [main] INFO org.springframework.boot.test.context.SpringBootTestContextBootstrapper -- Found @SpringBootConfiguration br.com.e2efood.e2efood.E2efoodApplication for test class br.com.e2efood.e2efood.E2efoodApplicationTests
17:45:38.522 [main] INFO org.springframework.boot.devtools.restart.RestartApplicationListener -- Restart disabled due to context in which it is running

  .   ____          _            __ _ _
 /\\ / ___'_ __ _ _(_)_ __  __ _ \ \ \ \
( ( )\___ | '_ | '_| | '_ \/ _` | \ \ \ \
 \\/  ___)| |_)| | | | | || (_| |  ) ) ) )
  '  |____| .__|_| |_|_| |_\__, | / / / /
 =========|_|==============|___/=/_/_/_/

 :: Spring Boot ::                (v3.3.4)

2024-10-01T17:45:38.764-03:00  INFO 1796 --- [e2efood] [           main] b.c.e.e2efood.E2efoodApplicationTests    : Starting E2efoodApplicationTests using Java 21.0.4 with PID 1796 (started by admin in C:\Users\admin\Desktop\e2efood)
2024-10-01T17:45:38.766-03:00  INFO 1796 --- [e2efood] [           main] b.c.e.e2efood.E2efoodApplicationTests    : No active profile set, falling back to 1 default profile: "default"
2024-10-01T17:45:39.465-03:00  INFO 1796 --- [e2efood] [           main] .s.d.r.c.RepositoryConfigurationDelegate : Bootstrapping Spring Data JPA repositories in DEFAULT mode.
2024-10-01T17:45:39.513-03:00  INFO 1796 --- [e2efood] [           main] .s.d.r.c.RepositoryConfigurationDelegate : Finished Spring Data repository scanning in 43 ms. Found 1 JPA repository interface.
2024-10-01T17:45:39.922-03:00  INFO 1796 --- [e2efood] [           main] o.hibernate.jpa.internal.util.LogHelper  : HHH000204: Processing PersistenceUnitInfo [name: default]
2024-10-01T17:45:40.011-03:00  INFO 1796 --- [e2efood] [           main] org.hibernate.Version                    : HHH000412: Hibernate ORM core version 6.5.3.Final
2024-10-01T17:45:40.064-03:00  INFO 1796 --- [e2efood] [           main] o.h.c.internal.RegionFactoryInitiator    : HHH000026: Second-level cache disabled
2024-10-01T17:45:40.377-03:00  INFO 1796 --- [e2efood] [           main] o.s.o.j.p.SpringPersistenceUnitInfo      : No LoadTimeWeaver setup: ignoring JPA class transformer
2024-10-01T17:45:40.414-03:00  INFO 1796 --- [e2efood] [           main] com.zaxxer.hikari.HikariDataSource       : HikariPool-1 - Starting...
2024-10-01T17:45:40.745-03:00  INFO 1796 --- [e2efood] [           main] com.zaxxer.hikari.pool.HikariPool        : HikariPool-1 - Added connection com.mysql.cj.jdbc.ConnectionImpl@36871e98
2024-10-01T17:45:40.746-03:00  INFO 1796 --- [e2efood] [           main] com.zaxxer.hikari.HikariDataSource       : HikariPool-1 - Start completed.
2024-10-01T17:45:41.435-03:00  INFO 1796 --- [e2efood] [           main] o.h.e.t.j.p.i.JtaPlatformInitiator       : HHH000489: No JTA platform available (set 'hibernate.transaction.jta.platform' to enable JTA platform integration)
2024-10-01T17:45:41.473-03:00  INFO 1796 --- [e2efood] [           main] j.LocalContainerEntityManagerFactoryBean : Initialized JPA EntityManagerFactory for persistence unit 'default'
Hibernate: select count(*) from restaurante r1_0
2024-10-01T17:45:42.252-03:00  WARN 1796 --- [e2efood] [           main] JpaBaseConfiguration$JpaWebConfiguration : spring.jpa.open-in-view is enabled by default. Therefore, database queries may be performed during view rendering. Explicitly configure spring.jpa.open-in-view to disable this warning
2024-10-01T17:45:42.675-03:00  INFO 1796 --- [e2efood] [           main] b.c.e.e2efood.E2efoodApplicationTests    : Started E2efoodApplicationTests in 4.165 seconds (process running for 5.238)
]]></system-out>
    <system-err><![CDATA[WARNING: A Java agent has been loaded dynamically (C:\Users\admin\.m2\repository\net\bytebuddy\byte-buddy-agent\1.14.19\byte-buddy-agent-1.14.19.jar)
WARNING: If a serviceability tool is in use, please run with -XX:+EnableDynamicAgentLoading to hide this warning
WARNING: If a serviceability tool is not in use, please run with -Djdk.instrument.traceUsage for more information
WARNING: Dynamic loading of agents will be disallowed by default in a future release
]]></system-err>
  </testcase>
</testsuite>